{"/home/konstantin/projects-js/backend-project-lvl2/index.js": {"path":"/home/konstantin/projects-js/backend-project-lvl2/index.js","all":false,"statementMap":{"0":{"start":{"line":1,"column":0},"end":{"line":1,"column":33}},"1":{"start":{"line":2,"column":0},"end":{"line":2,"column":0}},"2":{"start":{"line":3,"column":0},"end":{"line":3,"column":20}}},"s":{"0":1,"1":1,"2":1},"branchMap":{},"b":{},"fnMap":{},"f":{}}
,"/home/konstantin/projects-js/backend-project-lvl2/src/diff.js": {"path":"/home/konstantin/projects-js/backend-project-lvl2/src/diff.js","all":false,"statementMap":{"0":{"start":{"line":1,"column":0},"end":{"line":1,"column":24}},"1":{"start":{"line":2,"column":0},"end":{"line":2,"column":34}},"2":{"start":{"line":3,"column":0},"end":{"line":3,"column":32}},"3":{"start":{"line":4,"column":0},"end":{"line":4,"column":35}},"4":{"start":{"line":5,"column":0},"end":{"line":5,"column":37}},"5":{"start":{"line":6,"column":0},"end":{"line":6,"column":0}},"6":{"start":{"line":7,"column":0},"end":{"line":7,"column":42}},"7":{"start":{"line":8,"column":0},"end":{"line":8,"column":43}},"8":{"start":{"line":9,"column":0},"end":{"line":9,"column":43}},"9":{"start":{"line":10,"column":0},"end":{"line":10,"column":47}},"10":{"start":{"line":11,"column":0},"end":{"line":11,"column":47}},"11":{"start":{"line":12,"column":0},"end":{"line":12,"column":38}},"12":{"start":{"line":13,"column":0},"end":{"line":13,"column":38}},"13":{"start":{"line":14,"column":0},"end":{"line":14,"column":34}},"14":{"start":{"line":15,"column":0},"end":{"line":15,"column":34}},"15":{"start":{"line":16,"column":0},"end":{"line":16,"column":38}},"16":{"start":{"line":17,"column":0},"end":{"line":17,"column":24}},"17":{"start":{"line":18,"column":0},"end":{"line":18,"column":2}}},"s":{"0":1,"1":1,"2":1,"3":1,"4":1,"5":1,"6":1,"7":1,"8":1,"9":1,"10":1,"11":1,"12":1,"13":1,"14":1,"15":1,"16":1,"17":1},"branchMap":{"0":{"type":"branch","line":7,"loc":{"start":{"line":7,"column":15},"end":{"line":18,"column":2}},"locations":[{"start":{"line":7,"column":15},"end":{"line":18,"column":2}}]}},"b":{"0":[1]},"fnMap":{"0":{"name":"default","decl":{"start":{"line":7,"column":15},"end":{"line":18,"column":2}},"loc":{"start":{"line":7,"column":15},"end":{"line":18,"column":2}},"line":7}},"f":{"0":1}}
,"/home/konstantin/projects-js/backend-project-lvl2/src/formater.js": {"path":"/home/konstantin/projects-js/backend-project-lvl2/src/formater.js","all":false,"statementMap":{"0":{"start":{"line":1,"column":0},"end":{"line":1,"column":96}},"1":{"start":{"line":2,"column":0},"end":{"line":2,"column":0}},"2":{"start":{"line":3,"column":0},"end":{"line":3,"column":62}},"3":{"start":{"line":4,"column":0},"end":{"line":4,"column":32}},"4":{"start":{"line":5,"column":0},"end":{"line":5,"column":25}},"5":{"start":{"line":6,"column":0},"end":{"line":6,"column":22}},"6":{"start":{"line":7,"column":0},"end":{"line":7,"column":5}},"7":{"start":{"line":8,"column":0},"end":{"line":8,"column":53}},"8":{"start":{"line":9,"column":0},"end":{"line":9,"column":66}},"9":{"start":{"line":10,"column":0},"end":{"line":10,"column":25}},"10":{"start":{"line":11,"column":0},"end":{"line":11,"column":19}},"11":{"start":{"line":12,"column":0},"end":{"line":12,"column":72}},"12":{"start":{"line":13,"column":0},"end":{"line":13,"column":57}},"13":{"start":{"line":14,"column":0},"end":{"line":14,"column":4}},"14":{"start":{"line":15,"column":0},"end":{"line":15,"column":36}},"15":{"start":{"line":16,"column":0},"end":{"line":16,"column":25}},"16":{"start":{"line":17,"column":0},"end":{"line":17,"column":22}},"17":{"start":{"line":18,"column":0},"end":{"line":18,"column":5}},"18":{"start":{"line":19,"column":0},"end":{"line":19,"column":59}},"19":{"start":{"line":20,"column":0},"end":{"line":20,"column":66}},"20":{"start":{"line":21,"column":0},"end":{"line":21,"column":25}},"21":{"start":{"line":22,"column":0},"end":{"line":22,"column":19}},"22":{"start":{"line":23,"column":0},"end":{"line":23,"column":30}},"23":{"start":{"line":24,"column":0},"end":{"line":24,"column":36}},"24":{"start":{"line":25,"column":0},"end":{"line":25,"column":93}},"25":{"start":{"line":26,"column":0},"end":{"line":26,"column":95}},"26":{"start":{"line":27,"column":0},"end":{"line":27,"column":37}},"27":{"start":{"line":28,"column":0},"end":{"line":28,"column":78}},"28":{"start":{"line":29,"column":0},"end":{"line":29,"column":78}},"29":{"start":{"line":30,"column":0},"end":{"line":30,"column":34}},"30":{"start":{"line":31,"column":0},"end":{"line":31,"column":9}},"31":{"start":{"line":32,"column":0},"end":{"line":32,"column":71}},"32":{"start":{"line":33,"column":0},"end":{"line":33,"column":9}},"33":{"start":{"line":34,"column":0},"end":{"line":34,"column":57}},"34":{"start":{"line":35,"column":0},"end":{"line":35,"column":4}},"35":{"start":{"line":36,"column":0},"end":{"line":36,"column":27}},"36":{"start":{"line":37,"column":0},"end":{"line":37,"column":2}},"37":{"start":{"line":38,"column":0},"end":{"line":38,"column":0}},"38":{"start":{"line":39,"column":0},"end":{"line":39,"column":25}}},"s":{"0":1,"1":1,"2":1,"3":1,"4":24,"5":17,"6":17,"7":7,"8":7,"9":7,"10":7,"11":7,"12":7,"13":7,"14":1,"15":8,"16":3,"17":3,"18":5,"19":5,"20":5,"21":5,"22":5,"23":18,"24":18,"25":18,"26":18,"27":4,"28":4,"29":4,"30":4,"31":7,"32":7,"33":5,"34":5,"35":1,"36":1,"37":1,"38":1},"branchMap":{"0":{"type":"branch","line":1,"loc":{"start":{"line":1,"column":18},"end":{"line":1,"column":96}},"locations":[{"start":{"line":1,"column":18},"end":{"line":1,"column":96}}]},"1":{"type":"branch","line":3,"loc":{"start":{"line":3,"column":18},"end":{"line":37,"column":2}},"locations":[{"start":{"line":3,"column":18},"end":{"line":37,"column":2}}]},"2":{"type":"branch","line":4,"loc":{"start":{"line":4,"column":15},"end":{"line":14,"column":4}},"locations":[{"start":{"line":4,"column":15},"end":{"line":14,"column":4}}]},"3":{"type":"branch","line":5,"loc":{"start":{"line":5,"column":24},"end":{"line":7,"column":5}},"locations":[{"start":{"line":5,"column":24},"end":{"line":7,"column":5}}]},"4":{"type":"branch","line":8,"loc":{"start":{"line":8,"column":-1},"end":{"line":14,"column":4}},"locations":[{"start":{"line":8,"column":-1},"end":{"line":14,"column":4}}]},"5":{"type":"branch","line":12,"loc":{"start":{"line":12,"column":11},"end":{"line":12,"column":72}},"locations":[{"start":{"line":12,"column":11},"end":{"line":12,"column":72}}]},"6":{"type":"branch","line":15,"loc":{"start":{"line":15,"column":19},"end":{"line":35,"column":4}},"locations":[{"start":{"line":15,"column":19},"end":{"line":35,"column":4}}]},"7":{"type":"branch","line":16,"loc":{"start":{"line":16,"column":24},"end":{"line":18,"column":5}},"locations":[{"start":{"line":16,"column":24},"end":{"line":18,"column":5}}]},"8":{"type":"branch","line":19,"loc":{"start":{"line":19,"column":-1},"end":{"line":35,"column":4}},"locations":[{"start":{"line":19,"column":-1},"end":{"line":35,"column":4}}]},"9":{"type":"branch","line":23,"loc":{"start":{"line":23,"column":11},"end":{"line":33,"column":9}},"locations":[{"start":{"line":23,"column":11},"end":{"line":33,"column":9}}]},"10":{"type":"branch","line":25,"loc":{"start":{"line":25,"column":34},"end":{"line":25,"column":42}},"locations":[{"start":{"line":25,"column":34},"end":{"line":25,"column":42}}]},"11":{"type":"branch","line":25,"loc":{"start":{"line":25,"column":34},"end":{"line":26,"column":12}},"locations":[{"start":{"line":25,"column":34},"end":{"line":26,"column":12}}]},"12":{"type":"branch","line":26,"loc":{"start":{"line":26,"column":36},"end":{"line":26,"column":44}},"locations":[{"start":{"line":26,"column":36},"end":{"line":26,"column":44}}]},"13":{"type":"branch","line":26,"loc":{"start":{"line":26,"column":36},"end":{"line":27,"column":12}},"locations":[{"start":{"line":26,"column":36},"end":{"line":27,"column":12}}]},"14":{"type":"branch","line":27,"loc":{"start":{"line":27,"column":36},"end":{"line":31,"column":9}},"locations":[{"start":{"line":27,"column":36},"end":{"line":31,"column":9}}]},"15":{"type":"branch","line":32,"loc":{"start":{"line":32,"column":-1},"end":{"line":33,"column":9}},"locations":[{"start":{"line":32,"column":-1},"end":{"line":33,"column":9}}]}},"b":{"0":[32],"1":[1],"2":[24],"3":[17],"4":[7],"5":[9],"6":[8],"7":[3],"8":[5],"9":[18],"10":[5],"11":[13],"12":[2],"13":[11],"14":[4],"15":[7]},"fnMap":{"0":{"name":"isObject","decl":{"start":{"line":1,"column":18},"end":{"line":1,"column":96}},"loc":{"start":{"line":1,"column":18},"end":{"line":1,"column":96}},"line":1},"1":{"name":"stringify","decl":{"start":{"line":3,"column":18},"end":{"line":37,"column":2}},"loc":{"start":{"line":3,"column":18},"end":{"line":37,"column":2}},"line":3},"2":{"name":"iter","decl":{"start":{"line":4,"column":15},"end":{"line":14,"column":4}},"loc":{"start":{"line":4,"column":15},"end":{"line":14,"column":4}},"line":4},"3":{"name":"iterNode","decl":{"start":{"line":15,"column":19},"end":{"line":35,"column":4}},"loc":{"start":{"line":15,"column":19},"end":{"line":35,"column":4}},"line":15}},"f":{"0":32,"1":1,"2":24,"3":8}}
,"/home/konstantin/projects-js/backend-project-lvl2/src/makeDiff.js": {"path":"/home/konstantin/projects-js/backend-project-lvl2/src/makeDiff.js","all":false,"statementMap":{"0":{"start":{"line":1,"column":0},"end":{"line":1,"column":23}},"1":{"start":{"line":2,"column":0},"end":{"line":2,"column":0}},"2":{"start":{"line":3,"column":0},"end":{"line":3,"column":96}},"3":{"start":{"line":4,"column":0},"end":{"line":4,"column":0}},"4":{"start":{"line":5,"column":0},"end":{"line":5,"column":34}},"5":{"start":{"line":6,"column":0},"end":{"line":6,"column":34}},"6":{"start":{"line":7,"column":0},"end":{"line":7,"column":34}},"7":{"start":{"line":8,"column":0},"end":{"line":8,"column":41}},"8":{"start":{"line":9,"column":0},"end":{"line":9,"column":44}},"9":{"start":{"line":10,"column":0},"end":{"line":10,"column":18}},"10":{"start":{"line":11,"column":0},"end":{"line":11,"column":35}},"11":{"start":{"line":12,"column":0},"end":{"line":12,"column":28}},"12":{"start":{"line":13,"column":0},"end":{"line":13,"column":54}},"13":{"start":{"line":14,"column":0},"end":{"line":14,"column":35}},"14":{"start":{"line":15,"column":0},"end":{"line":15,"column":56}},"15":{"start":{"line":16,"column":0},"end":{"line":16,"column":60}},"16":{"start":{"line":17,"column":0},"end":{"line":17,"column":75}},"17":{"start":{"line":18,"column":0},"end":{"line":18,"column":41}},"18":{"start":{"line":19,"column":0},"end":{"line":19,"column":54}},"19":{"start":{"line":20,"column":0},"end":{"line":20,"column":12}},"20":{"start":{"line":21,"column":0},"end":{"line":21,"column":81}},"21":{"start":{"line":22,"column":0},"end":{"line":22,"column":5}},"22":{"start":{"line":23,"column":0},"end":{"line":23,"column":5}},"23":{"start":{"line":24,"column":0},"end":{"line":24,"column":14}},"24":{"start":{"line":25,"column":0},"end":{"line":25,"column":65}},"25":{"start":{"line":26,"column":0},"end":{"line":26,"column":2}},"26":{"start":{"line":27,"column":0},"end":{"line":27,"column":0}},"27":{"start":{"line":28,"column":0},"end":{"line":28,"column":24}}},"s":{"0":1,"1":1,"2":1,"3":1,"4":1,"5":5,"6":5,"7":5,"8":5,"9":5,"10":5,"11":18,"12":5,"13":18,"14":2,"15":13,"16":4,"17":11,"18":3,"19":7,"20":4,"21":4,"22":18,"23":5,"24":5,"25":5,"26":1,"27":1},"branchMap":{"0":{"type":"branch","line":3,"loc":{"start":{"line":3,"column":18},"end":{"line":3,"column":96}},"locations":[{"start":{"line":3,"column":18},"end":{"line":3,"column":96}}]},"1":{"type":"branch","line":5,"loc":{"start":{"line":5,"column":17},"end":{"line":26,"column":2}},"locations":[{"start":{"line":5,"column":17},"end":{"line":26,"column":2}}]},"2":{"type":"branch","line":11,"loc":{"start":{"line":11,"column":26},"end":{"line":23,"column":5}},"locations":[{"start":{"line":11,"column":26},"end":{"line":23,"column":5}}]},"3":{"type":"branch","line":12,"loc":{"start":{"line":12,"column":27},"end":{"line":14,"column":11}},"locations":[{"start":{"line":12,"column":27},"end":{"line":14,"column":11}}]},"4":{"type":"branch","line":14,"loc":{"start":{"line":14,"column":5},"end":{"line":22,"column":5}},"locations":[{"start":{"line":14,"column":5},"end":{"line":22,"column":5}}]},"5":{"type":"branch","line":14,"loc":{"start":{"line":14,"column":34},"end":{"line":16,"column":11}},"locations":[{"start":{"line":14,"column":34},"end":{"line":16,"column":11}}]},"6":{"type":"branch","line":16,"loc":{"start":{"line":16,"column":5},"end":{"line":22,"column":5}},"locations":[{"start":{"line":16,"column":5},"end":{"line":22,"column":5}}]},"7":{"type":"branch","line":16,"loc":{"start":{"line":16,"column":15},"end":{"line":16,"column":47}},"locations":[{"start":{"line":16,"column":15},"end":{"line":16,"column":47}}]},"8":{"type":"branch","line":16,"loc":{"start":{"line":16,"column":59},"end":{"line":18,"column":11}},"locations":[{"start":{"line":16,"column":59},"end":{"line":18,"column":11}}]},"9":{"type":"branch","line":18,"loc":{"start":{"line":18,"column":5},"end":{"line":22,"column":5}},"locations":[{"start":{"line":18,"column":5},"end":{"line":22,"column":5}}]},"10":{"type":"branch","line":18,"loc":{"start":{"line":18,"column":40},"end":{"line":20,"column":11}},"locations":[{"start":{"line":18,"column":40},"end":{"line":20,"column":11}}]},"11":{"type":"branch","line":20,"loc":{"start":{"line":20,"column":5},"end":{"line":22,"column":5}},"locations":[{"start":{"line":20,"column":5},"end":{"line":22,"column":5}}]}},"b":{"0":[16],"1":[5],"2":[18],"3":[5],"4":[13],"5":[2],"6":[11],"7":[5],"8":[4],"9":[7],"10":[3],"11":[4]},"fnMap":{"0":{"name":"isObject","decl":{"start":{"line":3,"column":18},"end":{"line":3,"column":96}},"loc":{"start":{"line":3,"column":18},"end":{"line":3,"column":96}},"line":3},"1":{"name":"makeDiff","decl":{"start":{"line":5,"column":17},"end":{"line":26,"column":2}},"loc":{"start":{"line":5,"column":17},"end":{"line":26,"column":2}},"line":5}},"f":{"0":16,"1":5}}
,"/home/konstantin/projects-js/backend-project-lvl2/src/parser.js": {"path":"/home/konstantin/projects-js/backend-project-lvl2/src/parser.js","all":false,"statementMap":{"0":{"start":{"line":1,"column":0},"end":{"line":1,"column":27}},"1":{"start":{"line":2,"column":0},"end":{"line":2,"column":0}},"2":{"start":{"line":3,"column":0},"end":{"line":3,"column":31}},"3":{"start":{"line":4,"column":0},"end":{"line":4,"column":12}},"4":{"start":{"line":5,"column":0},"end":{"line":5,"column":24}},"5":{"start":{"line":6,"column":0},"end":{"line":6,"column":23}},"6":{"start":{"line":7,"column":0},"end":{"line":7,"column":49}},"7":{"start":{"line":8,"column":0},"end":{"line":8,"column":22}},"8":{"start":{"line":9,"column":0},"end":{"line":9,"column":3}},"9":{"start":{"line":10,"column":0},"end":{"line":10,"column":21}},"10":{"start":{"line":11,"column":0},"end":{"line":11,"column":2}}},"s":{"0":1,"1":1,"2":1,"3":2,"4":2,"5":2,"6":2,"7":0,"8":0,"9":2,"10":2},"branchMap":{"0":{"type":"branch","line":3,"loc":{"start":{"line":3,"column":15},"end":{"line":11,"column":2}},"locations":[{"start":{"line":3,"column":15},"end":{"line":11,"column":2}}]},"1":{"type":"branch","line":7,"loc":{"start":{"line":7,"column":3},"end":{"line":9,"column":3}},"locations":[{"start":{"line":7,"column":3},"end":{"line":9,"column":3}}]}},"b":{"0":[2],"1":[0]},"fnMap":{"0":{"name":"default","decl":{"start":{"line":3,"column":15},"end":{"line":11,"column":2}},"loc":{"start":{"line":3,"column":15},"end":{"line":11,"column":2}},"line":3}},"f":{"0":2}}
}
