TN:
SF:index.js
FNF:0
FNH:0
DA:1,1
DA:2,1
DA:3,1
LF:3
LH:3
BRF:0
BRH:0
end_of_record
TN:
SF:src/diff.js
FN:7,default
FNF:1
FNH:1
FNDA:1,default
DA:1,1
DA:2,1
DA:3,1
DA:4,1
DA:5,1
DA:6,1
DA:7,1
DA:8,1
DA:9,1
DA:10,1
DA:11,1
DA:12,1
DA:13,1
DA:14,1
DA:15,1
DA:16,1
DA:17,1
DA:18,1
LF:18
LH:18
BRDA:7,0,0,1
BRF:1
BRH:1
end_of_record
TN:
SF:src/formater.js
FN:1,isObject
FN:3,stringify
FN:4,iter
FN:15,iterNode
FNF:4
FNH:4
FNDA:32,isObject
FNDA:1,stringify
FNDA:24,iter
FNDA:8,iterNode
DA:1,1
DA:2,1
DA:3,1
DA:4,1
DA:5,24
DA:6,17
DA:7,17
DA:8,7
DA:9,7
DA:10,7
DA:11,7
DA:12,7
DA:13,7
DA:14,7
DA:15,1
DA:16,8
DA:17,3
DA:18,3
DA:19,5
DA:20,5
DA:21,5
DA:22,5
DA:23,5
DA:24,18
DA:25,18
DA:26,18
DA:27,18
DA:28,4
DA:29,4
DA:30,4
DA:31,4
DA:32,7
DA:33,7
DA:34,5
DA:35,5
DA:36,1
DA:37,1
DA:38,1
DA:39,1
LF:39
LH:39
BRDA:1,0,0,32
BRDA:3,1,0,1
BRDA:4,2,0,24
BRDA:5,3,0,17
BRDA:8,4,0,7
BRDA:12,5,0,9
BRDA:15,6,0,8
BRDA:16,7,0,3
BRDA:19,8,0,5
BRDA:23,9,0,18
BRDA:25,10,0,5
BRDA:25,11,0,13
BRDA:26,12,0,2
BRDA:26,13,0,11
BRDA:27,14,0,4
BRDA:32,15,0,7
BRF:16
BRH:16
end_of_record
TN:
SF:src/makeDiff.js
FN:3,isObject
FN:5,makeDiff
FNF:2
FNH:2
FNDA:16,isObject
FNDA:5,makeDiff
DA:1,1
DA:2,1
DA:3,1
DA:4,1
DA:5,1
DA:6,5
DA:7,5
DA:8,5
DA:9,5
DA:10,5
DA:11,5
DA:12,18
DA:13,5
DA:14,18
DA:15,2
DA:16,13
DA:17,4
DA:18,11
DA:19,3
DA:20,7
DA:21,4
DA:22,4
DA:23,18
DA:24,5
DA:25,5
DA:26,5
DA:27,1
DA:28,1
LF:28
LH:28
BRDA:3,0,0,16
BRDA:5,1,0,5
BRDA:11,2,0,18
BRDA:12,3,0,5
BRDA:14,4,0,13
BRDA:14,5,0,2
BRDA:16,6,0,11
BRDA:16,7,0,5
BRDA:16,8,0,4
BRDA:18,9,0,7
BRDA:18,10,0,3
BRDA:20,11,0,4
BRF:12
BRH:12
end_of_record
TN:
SF:src/parser.js
FN:3,default
FNF:1
FNH:1
FNDA:2,default
DA:1,1
DA:2,1
DA:3,1
DA:4,2
DA:5,2
DA:6,2
DA:7,2
DA:8,0
DA:9,0
DA:10,2
DA:11,2
LF:11
LH:9
BRDA:3,0,0,2
BRDA:7,1,0,0
BRF:2
BRH:1
end_of_record
