TN:
SF:index.js
FNF:0
FNH:0
DA:1,1
DA:2,1
DA:3,1
LF:3
LH:3
BRF:0
BRH:0
end_of_record
TN:
SF:src/diff.js
FN:5,makeDiff
FN:28,default
FNF:2
FNH:2
FNDA:1,makeDiff
FNDA:2,default
DA:1,1
DA:2,1
DA:3,1
DA:4,1
DA:5,1
DA:6,1
DA:7,1
DA:8,1
DA:9,1
DA:10,1
DA:11,1
DA:12,5
DA:13,1
DA:14,5
DA:15,2
DA:16,2
DA:17,1
DA:18,1
DA:19,1
DA:20,1
DA:21,1
DA:22,5
DA:23,1
DA:24,1
DA:25,1
DA:26,1
DA:27,1
DA:28,1
DA:29,2
DA:30,2
DA:31,2
DA:32,2
DA:33,2
DA:34,2
DA:35,2
DA:36,1
DA:37,1
DA:38,1
DA:39,1
DA:40,1
DA:41,1
DA:42,1
DA:43,2
LF:43
LH:43
BRDA:5,0,0,1
BRDA:11,1,0,5
BRDA:12,2,0,1
BRDA:14,3,0,4
BRDA:14,4,0,2
BRDA:16,5,0,1
BRDA:28,6,0,2
BRDA:35,7,0,1
BRF:8
BRH:8
end_of_record
